<?xml version="1.0" encoding="UTF-8"?>
<!-- Generated by org.testng.reporters.JUnitReportReporter -->
<testsuite hostname="LSTKEN13574" name="com.stk.testng.hellotestng.ExampleTest" tests="1" failures="0" timestamp="2 Dec 2015 17:25:36 GMT" time="0.016" errors="0">
  <testcase name="helloTest" time="0.016" classname="com.stk.testng.hellotestng.ExampleTest"/>
</testsuite> <!-- com.stk.testng.hellotestng.ExampleTest -->
